<?xml version="1.0" encoding="UTF-8"?>
<!-- Generated by org.testng.reporters.JUnitReportReporter -->
<testsuite hostname="PUNEDEV21" name="WorkFlow.ToVerifyTimesheetCreationUsingCSV" tests="4" failures="0" timestamp="2 Oct 2018 13:53:40 GMT" time="428.002" errors="0">
  <testcase name="ToVerifyTimesheetNewCreation" time="178.843" classname="WorkFlow.ToVerifyTimesheetCreationUsingCSV"/>
  <testcase name="ToVerifyTimesheetGetsApprovedFromManager" time="93.941" classname="WorkFlow.ToVerifyTimesheetCreationUsingCSV"/>
  <testcase name="ToVerifyTimesheetGetsRejectedFromManager" time="38.772" classname="WorkFlow.ToVerifyTimesheetCreationUsingCSV"/>
  <testcase name="ToVerifyCreatedTimesheetGetsDeleted" time="116.446" classname="WorkFlow.ToVerifyTimesheetCreationUsingCSV"/>
</testsuite> <!-- WorkFlow.ToVerifyTimesheetCreationUsingCSV -->
